[2021-11-07 22:13:16] [pool-5-thread-1 INFO] CustomSkinLoader 14.9
[2021-11-07 22:13:16] [pool-5-thread-1 INFO] DataDir: C:\Repositorios\ZombieWastelandDevelopment\DevelopmentNew\CustomSkinLoader
[2021-11-07 22:13:16] [pool-5-thread-1 INFO] Minecraft: 1.12.2(1.12.2-forge-14.23.5.2855)
[2021-11-07 22:13:16] [pool-5-thread-1 INFO] Config File: C:\Repositorios\ZombieWastelandDevelopment\DevelopmentNew\CustomSkinLoader\CustomSkinLoader.json
[2021-11-07 22:13:16] [pool-5-thread-1 INFO] Try to load config.
[2021-11-07 22:13:16] [pool-5-thread-1 INFO] Successfully load config.
[2021-11-07 22:13:17] [pool-5-thread-1 INFO] EnableDynamicSkull:true, EnableTranSkin:true, IgnoreHttpsCertificate:false, CacheExpiry:30, EnableUpdateSkull:false, EnableLocalProfileCache:false, EnableCacheAutoClean:false, LoadList:6
[2021-11-07 22:13:17] [Mati INFO] Loading Mati's profile.
[2021-11-07 22:13:17] [Mati INFO] 1/6 Try to load profile from 'LocalSkin'.
[2021-11-07 22:13:17] [Mati INFO] Mati's profile loaded.
[2021-11-07 22:13:17] [Mati INFO] (SkinUrl: (LOCAL_LEGACY)f1e23f789e08087a25d9fb0597185fc6b9840a8d,LocalSkin/skins/Mati.png , Model: default , CapeUrl: null  , Expiry: 1636334028)
[2021-11-07 22:19:51] [DatFailGamur's skull INFO] Loading DatFailGamur's profile.
[2021-11-07 22:19:51] [DatFailGamur's skull INFO] 1/6 Try to load profile from 'LocalSkin'.
[2021-11-07 22:19:51] [DatFailGamur's skull INFO] Both skin and cape not found.
[2021-11-07 22:19:51] [DatFailGamur's skull INFO] 2/6 Try to load profile from 'Mojang'.
[2021-11-07 22:19:51] [DatFailGamur's skull INFO] Default profile will be used.
[2021-11-07 22:19:51] [DatFailGamur's skull INFO] DatFailGamur's profile loaded.
[2021-11-07 22:19:51] [DatFailGamur's skull INFO] (SkinUrl: http://textures.minecraft.net/texture/8b9ca0528eef78c10fe2875d17d556c863c5628b5ea500d9a7dc51f043442283 , Model: default , CapeUrl: null  , Expiry: 1636334421)
[2021-11-07 22:25:07] [KingLemming's skull INFO] Loading KingLemming's profile.
[2021-11-07 22:25:07] [KingLemming's skull INFO] 1/6 Try to load profile from 'LocalSkin'.
[2021-11-07 22:25:07] [KingLemming's skull INFO] Both skin and cape not found.
[2021-11-07 22:25:07] [KingLemming's skull INFO] 2/6 Try to load profile from 'Mojang'.
[2021-11-07 22:25:07] [KingLemming's skull INFO] Default profile will be used.
[2021-11-07 22:25:07] [KingLemming's skull INFO] KingLemming's profile loaded.
[2021-11-07 22:25:07] [KingLemming's skull INFO] (SkinUrl: http://textures.minecraft.net/texture/6b5e5289cf6158be0e1d5a811fdb90647f31372eb86fcddc228d6d893118e74f , Model: default , CapeUrl: http://textures.minecraft.net/texture/b0cc08840700447322d953a02b965f1d65a13a603bf64b17c803c21446fe1635  , Expiry: 1636334739)
