[INFO] Reloaded All Groups
[DEBUG] Reading file minecraft_zombie.json
[DEBUG] Mob{id: minecraft:zombie, group: null, potionEffects: null, attributes: [Attribute{id: generic.maxHealth, modifier: RangeMinMax{min: -90.000000, max: 60.000000}, isFlat: false, affectedByDifficulty: false, difficulty: null, dimensions: null, biomes: null}, Attribute{id: generic.attackDamage, modifier: RangeMinMax{min: -40.000000, max: 0.000000}, isFlat: false, affectedByDifficulty: false, difficulty: null, dimensions: null, biomes: null}, Attribute{id: generic.followRange, modifier: RangeMinMax{min: 0.000000, max: 50.000000}, isFlat: false, affectedByDifficulty: false, difficulty: null, dimensions: null, biomes: null}, Attribute{id: generic.knockbackResistance, modifier: RangeMinMax{min: 0.000000, max: 1.000000}, isFlat: true, affectedByDifficulty: false, difficulty: null, dimensions: null, biomes: null}, Attribute{id: generic.movementSpeed, modifier: RangeMinMax{min: 0.000000, max: 40.000000}, isFlat: false, affectedByDifficulty: false, difficulty: null, dimensions: null, biomes: null}], equipment: null, creeper: null, ghast: null}
[DEBUG] Difficulty Object is missing, affected_by_difficulty will be false for Attribute{id: generic.maxHealth, modifier: RangeMinMax{min: -90.000000, max: 60.000000}, isFlat: false, affectedByDifficulty: false, difficulty: null, dimensions: null, biomes: null}
[DEBUG] Difficulty Object is missing, affected_by_difficulty will be false for Attribute{id: generic.attackDamage, modifier: RangeMinMax{min: -40.000000, max: 0.000000}, isFlat: false, affectedByDifficulty: false, difficulty: null, dimensions: null, biomes: null}
[DEBUG] Difficulty Object is missing, affected_by_difficulty will be false for Attribute{id: generic.followRange, modifier: RangeMinMax{min: 0.000000, max: 50.000000}, isFlat: false, affectedByDifficulty: false, difficulty: null, dimensions: null, biomes: null}
[DEBUG] Difficulty Object is missing, affected_by_difficulty will be false for Attribute{id: generic.knockbackResistance, modifier: RangeMinMax{min: 0.000000, max: 1.000000}, isFlat: true, affectedByDifficulty: false, difficulty: null, dimensions: null, biomes: null}
[DEBUG] Difficulty Object is missing, affected_by_difficulty will be false for Attribute{id: generic.movementSpeed, modifier: RangeMinMax{min: 0.000000, max: 40.000000}, isFlat: false, affectedByDifficulty: false, difficulty: null, dimensions: null, biomes: null}
[DEBUG] Reading file playerskins_playermob.json
[DEBUG] Mob{id: playerskins:playermob, group: null, potionEffects: null, attributes: [Attribute{id: generic.followRange, modifier: RangeMinMax{min: 20.000000, max: 70.000000}, isFlat: false, affectedByDifficulty: false, difficulty: null, dimensions: null, biomes: null}], equipment: null, creeper: null, ghast: null}
[DEBUG] Difficulty Object is missing, affected_by_difficulty will be false for Attribute{id: generic.followRange, modifier: RangeMinMax{min: 20.000000, max: 70.000000}, isFlat: false, affectedByDifficulty: false, difficulty: null, dimensions: null, biomes: null}
[DEBUG] Reading file techguns_armysoldier.json
[DEBUG] Mob{id: techguns:armysoldier, group: null, potionEffects: null, attributes: [Attribute{id: generic.followRange, modifier: RangeMinMax{min: 30.000000, max: 70.000000}, isFlat: false, affectedByDifficulty: false, difficulty: null, dimensions: null, biomes: null}], equipment: null, creeper: null, ghast: null}
[DEBUG] Difficulty Object is missing, affected_by_difficulty will be false for Attribute{id: generic.followRange, modifier: RangeMinMax{min: 30.000000, max: 70.000000}, isFlat: false, affectedByDifficulty: false, difficulty: null, dimensions: null, biomes: null}
[DEBUG] Reading file techguns_bandit.json
[DEBUG] Mob{id: techguns:bandit, group: null, potionEffects: null, attributes: [Attribute{id: generic.followRange, modifier: RangeMinMax{min: 30.000000, max: 70.000000}, isFlat: false, affectedByDifficulty: false, difficulty: null, dimensions: null, biomes: null}], equipment: null, creeper: null, ghast: null}
[DEBUG] Difficulty Object is missing, affected_by_difficulty will be false for Attribute{id: generic.followRange, modifier: RangeMinMax{min: 30.000000, max: 70.000000}, isFlat: false, affectedByDifficulty: false, difficulty: null, dimensions: null, biomes: null}
[INFO] Reloaded All JSONs
[INFO] Reloaded All Groups
[DEBUG] Reading file minecraft_zombie.json
[DEBUG] Mob{id: minecraft:zombie, group: null, potionEffects: null, attributes: [Attribute{id: generic.maxHealth, modifier: RangeMinMax{min: -90.000000, max: 60.000000}, isFlat: false, affectedByDifficulty: false, difficulty: null, dimensions: null, biomes: null}, Attribute{id: generic.attackDamage, modifier: RangeMinMax{min: -40.000000, max: 0.000000}, isFlat: false, affectedByDifficulty: false, difficulty: null, dimensions: null, biomes: null}, Attribute{id: generic.followRange, modifier: RangeMinMax{min: 0.000000, max: 50.000000}, isFlat: false, affectedByDifficulty: false, difficulty: null, dimensions: null, biomes: null}, Attribute{id: generic.knockbackResistance, modifier: RangeMinMax{min: 0.000000, max: 1.000000}, isFlat: true, affectedByDifficulty: false, difficulty: null, dimensions: null, biomes: null}, Attribute{id: generic.movementSpeed, modifier: RangeMinMax{min: 0.000000, max: 40.000000}, isFlat: false, affectedByDifficulty: false, difficulty: null, dimensions: null, biomes: null}], equipment: null, creeper: null, ghast: null}
[DEBUG] Difficulty Object is missing, affected_by_difficulty will be false for Attribute{id: generic.maxHealth, modifier: RangeMinMax{min: -90.000000, max: 60.000000}, isFlat: false, affectedByDifficulty: false, difficulty: null, dimensions: null, biomes: null}
[DEBUG] Difficulty Object is missing, affected_by_difficulty will be false for Attribute{id: generic.attackDamage, modifier: RangeMinMax{min: -40.000000, max: 0.000000}, isFlat: false, affectedByDifficulty: false, difficulty: null, dimensions: null, biomes: null}
[DEBUG] Difficulty Object is missing, affected_by_difficulty will be false for Attribute{id: generic.followRange, modifier: RangeMinMax{min: 0.000000, max: 50.000000}, isFlat: false, affectedByDifficulty: false, difficulty: null, dimensions: null, biomes: null}
[DEBUG] Difficulty Object is missing, affected_by_difficulty will be false for Attribute{id: generic.knockbackResistance, modifier: RangeMinMax{min: 0.000000, max: 1.000000}, isFlat: true, affectedByDifficulty: false, difficulty: null, dimensions: null, biomes: null}
[DEBUG] Difficulty Object is missing, affected_by_difficulty will be false for Attribute{id: generic.movementSpeed, modifier: RangeMinMax{min: 0.000000, max: 40.000000}, isFlat: false, affectedByDifficulty: false, difficulty: null, dimensions: null, biomes: null}
[DEBUG] Reading file playerskins_playermob.json
[DEBUG] Mob{id: playerskins:playermob, group: null, potionEffects: null, attributes: [Attribute{id: generic.followRange, modifier: RangeMinMax{min: 20.000000, max: 70.000000}, isFlat: false, affectedByDifficulty: false, difficulty: null, dimensions: null, biomes: null}], equipment: null, creeper: null, ghast: null}
[DEBUG] Difficulty Object is missing, affected_by_difficulty will be false for Attribute{id: generic.followRange, modifier: RangeMinMax{min: 20.000000, max: 70.000000}, isFlat: false, affectedByDifficulty: false, difficulty: null, dimensions: null, biomes: null}
[DEBUG] Reading file techguns_armysoldier.json
[DEBUG] Mob{id: techguns:armysoldier, group: null, potionEffects: null, attributes: [Attribute{id: generic.followRange, modifier: RangeMinMax{min: 30.000000, max: 70.000000}, isFlat: false, affectedByDifficulty: false, difficulty: null, dimensions: null, biomes: null}], equipment: null, creeper: null, ghast: null}
[DEBUG] Difficulty Object is missing, affected_by_difficulty will be false for Attribute{id: generic.followRange, modifier: RangeMinMax{min: 30.000000, max: 70.000000}, isFlat: false, affectedByDifficulty: false, difficulty: null, dimensions: null, biomes: null}
[DEBUG] Reading file techguns_bandit.json
[DEBUG] Mob{id: techguns:bandit, group: null, potionEffects: null, attributes: [Attribute{id: generic.followRange, modifier: RangeMinMax{min: 30.000000, max: 70.000000}, isFlat: false, affectedByDifficulty: false, difficulty: null, dimensions: null, biomes: null}], equipment: null, creeper: null, ghast: null}
[DEBUG] Difficulty Object is missing, affected_by_difficulty will be false for Attribute{id: generic.followRange, modifier: RangeMinMax{min: 30.000000, max: 70.000000}, isFlat: false, affectedByDifficulty: false, difficulty: null, dimensions: null, biomes: null}
[INFO] Reloaded All JSONs
[INFO] Reloaded All Groups
[DEBUG] Reading file minecraft_zombie.json
[DEBUG] Mob{id: minecraft:zombie, group: null, potionEffects: null, attributes: [Attribute{id: generic.maxHealth, modifier: RangeMinMax{min: -90.000000, max: 60.000000}, isFlat: false, affectedByDifficulty: false, difficulty: null, dimensions: null, biomes: null}, Attribute{id: generic.attackDamage, modifier: RangeMinMax{min: -40.000000, max: 0.000000}, isFlat: false, affectedByDifficulty: false, difficulty: null, dimensions: null, biomes: null}, Attribute{id: generic.followRange, modifier: RangeMinMax{min: 0.000000, max: 50.000000}, isFlat: false, affectedByDifficulty: false, difficulty: null, dimensions: null, biomes: null}, Attribute{id: generic.knockbackResistance, modifier: RangeMinMax{min: 0.000000, max: 1.000000}, isFlat: true, affectedByDifficulty: false, difficulty: null, dimensions: null, biomes: null}, Attribute{id: generic.movementSpeed, modifier: RangeMinMax{min: 0.000000, max: 40.000000}, isFlat: false, affectedByDifficulty: false, difficulty: null, dimensions: null, biomes: null}], equipment: null, creeper: null, ghast: null}
[DEBUG] Difficulty Object is missing, affected_by_difficulty will be false for Attribute{id: generic.maxHealth, modifier: RangeMinMax{min: -90.000000, max: 60.000000}, isFlat: false, affectedByDifficulty: false, difficulty: null, dimensions: null, biomes: null}
[DEBUG] Difficulty Object is missing, affected_by_difficulty will be false for Attribute{id: generic.attackDamage, modifier: RangeMinMax{min: -40.000000, max: 0.000000}, isFlat: false, affectedByDifficulty: false, difficulty: null, dimensions: null, biomes: null}
[DEBUG] Difficulty Object is missing, affected_by_difficulty will be false for Attribute{id: generic.followRange, modifier: RangeMinMax{min: 0.000000, max: 50.000000}, isFlat: false, affectedByDifficulty: false, difficulty: null, dimensions: null, biomes: null}
[DEBUG] Difficulty Object is missing, affected_by_difficulty will be false for Attribute{id: generic.knockbackResistance, modifier: RangeMinMax{min: 0.000000, max: 1.000000}, isFlat: true, affectedByDifficulty: false, difficulty: null, dimensions: null, biomes: null}
[DEBUG] Difficulty Object is missing, affected_by_difficulty will be false for Attribute{id: generic.movementSpeed, modifier: RangeMinMax{min: 0.000000, max: 40.000000}, isFlat: false, affectedByDifficulty: false, difficulty: null, dimensions: null, biomes: null}
[DEBUG] Reading file playerskins_playermob.json
[DEBUG] Mob{id: playerskins:playermob, group: null, potionEffects: null, attributes: [Attribute{id: generic.followRange, modifier: RangeMinMax{min: 20.000000, max: 70.000000}, isFlat: false, affectedByDifficulty: false, difficulty: null, dimensions: null, biomes: null}], equipment: null, creeper: null, ghast: null}
[DEBUG] Difficulty Object is missing, affected_by_difficulty will be false for Attribute{id: generic.followRange, modifier: RangeMinMax{min: 20.000000, max: 70.000000}, isFlat: false, affectedByDifficulty: false, difficulty: null, dimensions: null, biomes: null}
[DEBUG] Reading file techguns_armysoldier.json
[DEBUG] Mob{id: techguns:armysoldier, group: null, potionEffects: null, attributes: [Attribute{id: generic.followRange, modifier: RangeMinMax{min: 30.000000, max: 70.000000}, isFlat: false, affectedByDifficulty: false, difficulty: null, dimensions: null, biomes: null}], equipment: null, creeper: null, ghast: null}
[DEBUG] Difficulty Object is missing, affected_by_difficulty will be false for Attribute{id: generic.followRange, modifier: RangeMinMax{min: 30.000000, max: 70.000000}, isFlat: false, affectedByDifficulty: false, difficulty: null, dimensions: null, biomes: null}
[DEBUG] Reading file techguns_bandit.json
[DEBUG] Mob{id: techguns:bandit, group: null, potionEffects: null, attributes: [Attribute{id: generic.followRange, modifier: RangeMinMax{min: 30.000000, max: 70.000000}, isFlat: false, affectedByDifficulty: false, difficulty: null, dimensions: null, biomes: null}], equipment: null, creeper: null, ghast: null}
[DEBUG] Difficulty Object is missing, affected_by_difficulty will be false for Attribute{id: generic.followRange, modifier: RangeMinMax{min: 30.000000, max: 70.000000}, isFlat: false, affectedByDifficulty: false, difficulty: null, dimensions: null, biomes: null}
[INFO] Reloaded All JSONs
[INFO] Reloaded All Groups
[DEBUG] Reading file minecraft_zombie.json
[DEBUG] Mob{id: minecraft:zombie, group: null, potionEffects: null, attributes: [Attribute{id: generic.maxHealth, modifier: RangeMinMax{min: -90.000000, max: 60.000000}, isFlat: false, affectedByDifficulty: false, difficulty: null, dimensions: null, biomes: null}, Attribute{id: generic.attackDamage, modifier: RangeMinMax{min: -40.000000, max: 0.000000}, isFlat: false, affectedByDifficulty: false, difficulty: null, dimensions: null, biomes: null}, Attribute{id: generic.followRange, modifier: RangeMinMax{min: 0.000000, max: 50.000000}, isFlat: false, affectedByDifficulty: false, difficulty: null, dimensions: null, biomes: null}, Attribute{id: generic.knockbackResistance, modifier: RangeMinMax{min: 0.000000, max: 1.000000}, isFlat: true, affectedByDifficulty: false, difficulty: null, dimensions: null, biomes: null}, Attribute{id: generic.movementSpeed, modifier: RangeMinMax{min: 0.000000, max: 40.000000}, isFlat: false, affectedByDifficulty: false, difficulty: null, dimensions: null, biomes: null}], equipment: null, creeper: null, ghast: null}
[DEBUG] Difficulty Object is missing, affected_by_difficulty will be false for Attribute{id: generic.maxHealth, modifier: RangeMinMax{min: -90.000000, max: 60.000000}, isFlat: false, affectedByDifficulty: false, difficulty: null, dimensions: null, biomes: null}
[DEBUG] Difficulty Object is missing, affected_by_difficulty will be false for Attribute{id: generic.attackDamage, modifier: RangeMinMax{min: -40.000000, max: 0.000000}, isFlat: false, affectedByDifficulty: false, difficulty: null, dimensions: null, biomes: null}
[DEBUG] Difficulty Object is missing, affected_by_difficulty will be false for Attribute{id: generic.followRange, modifier: RangeMinMax{min: 0.000000, max: 50.000000}, isFlat: false, affectedByDifficulty: false, difficulty: null, dimensions: null, biomes: null}
[DEBUG] Difficulty Object is missing, affected_by_difficulty will be false for Attribute{id: generic.knockbackResistance, modifier: RangeMinMax{min: 0.000000, max: 1.000000}, isFlat: true, affectedByDifficulty: false, difficulty: null, dimensions: null, biomes: null}
[DEBUG] Difficulty Object is missing, affected_by_difficulty will be false for Attribute{id: generic.movementSpeed, modifier: RangeMinMax{min: 0.000000, max: 40.000000}, isFlat: false, affectedByDifficulty: false, difficulty: null, dimensions: null, biomes: null}
[DEBUG] Reading file playerskins_playermob.json
[DEBUG] Mob{id: playerskins:playermob, group: null, potionEffects: null, attributes: [Attribute{id: generic.followRange, modifier: RangeMinMax{min: 20.000000, max: 70.000000}, isFlat: false, affectedByDifficulty: false, difficulty: null, dimensions: null, biomes: null}], equipment: null, creeper: null, ghast: null}
[DEBUG] Difficulty Object is missing, affected_by_difficulty will be false for Attribute{id: generic.followRange, modifier: RangeMinMax{min: 20.000000, max: 70.000000}, isFlat: false, affectedByDifficulty: false, difficulty: null, dimensions: null, biomes: null}
[DEBUG] Reading file techguns_armysoldier.json
[DEBUG] Mob{id: techguns:armysoldier, group: null, potionEffects: null, attributes: [Attribute{id: generic.followRange, modifier: RangeMinMax{min: 30.000000, max: 70.000000}, isFlat: false, affectedByDifficulty: false, difficulty: null, dimensions: null, biomes: null}], equipment: null, creeper: null, ghast: null}
[DEBUG] Difficulty Object is missing, affected_by_difficulty will be false for Attribute{id: generic.followRange, modifier: RangeMinMax{min: 30.000000, max: 70.000000}, isFlat: false, affectedByDifficulty: false, difficulty: null, dimensions: null, biomes: null}
[DEBUG] Reading file techguns_bandit.json
[DEBUG] Mob{id: techguns:bandit, group: null, potionEffects: null, attributes: [Attribute{id: generic.followRange, modifier: RangeMinMax{min: 30.000000, max: 70.000000}, isFlat: false, affectedByDifficulty: false, difficulty: null, dimensions: null, biomes: null}], equipment: null, creeper: null, ghast: null}
[DEBUG] Difficulty Object is missing, affected_by_difficulty will be false for Attribute{id: generic.followRange, modifier: RangeMinMax{min: 30.000000, max: 70.000000}, isFlat: false, affectedByDifficulty: false, difficulty: null, dimensions: null, biomes: null}
[INFO] Reloaded All JSONs
[INFO] Reloaded All Groups
[DEBUG] Reading file minecraft_zombie.json
[DEBUG] Mob{id: minecraft:zombie, group: null, potionEffects: null, attributes: [Attribute{id: generic.maxHealth, modifier: RangeMinMax{min: -90.000000, max: 60.000000}, isFlat: false, affectedByDifficulty: false, difficulty: null, dimensions: null, biomes: null}, Attribute{id: generic.attackDamage, modifier: RangeMinMax{min: -40.000000, max: 0.000000}, isFlat: false, affectedByDifficulty: false, difficulty: null, dimensions: null, biomes: null}, Attribute{id: generic.followRange, modifier: RangeMinMax{min: 0.000000, max: 50.000000}, isFlat: false, affectedByDifficulty: false, difficulty: null, dimensions: null, biomes: null}, Attribute{id: generic.knockbackResistance, modifier: RangeMinMax{min: 0.000000, max: 1.000000}, isFlat: true, affectedByDifficulty: false, difficulty: null, dimensions: null, biomes: null}, Attribute{id: generic.movementSpeed, modifier: RangeMinMax{min: 0.000000, max: 40.000000}, isFlat: false, affectedByDifficulty: false, difficulty: null, dimensions: null, biomes: null}], equipment: null, creeper: null, ghast: null}
[DEBUG] Difficulty Object is missing, affected_by_difficulty will be false for Attribute{id: generic.maxHealth, modifier: RangeMinMax{min: -90.000000, max: 60.000000}, isFlat: false, affectedByDifficulty: false, difficulty: null, dimensions: null, biomes: null}
[DEBUG] Difficulty Object is missing, affected_by_difficulty will be false for Attribute{id: generic.attackDamage, modifier: RangeMinMax{min: -40.000000, max: 0.000000}, isFlat: false, affectedByDifficulty: false, difficulty: null, dimensions: null, biomes: null}
[DEBUG] Difficulty Object is missing, affected_by_difficulty will be false for Attribute{id: generic.followRange, modifier: RangeMinMax{min: 0.000000, max: 50.000000}, isFlat: false, affectedByDifficulty: false, difficulty: null, dimensions: null, biomes: null}
[DEBUG] Difficulty Object is missing, affected_by_difficulty will be false for Attribute{id: generic.knockbackResistance, modifier: RangeMinMax{min: 0.000000, max: 1.000000}, isFlat: true, affectedByDifficulty: false, difficulty: null, dimensions: null, biomes: null}
[DEBUG] Difficulty Object is missing, affected_by_difficulty will be false for Attribute{id: generic.movementSpeed, modifier: RangeMinMax{min: 0.000000, max: 40.000000}, isFlat: false, affectedByDifficulty: false, difficulty: null, dimensions: null, biomes: null}
[DEBUG] Reading file playerskins_playermob.json
[DEBUG] Mob{id: playerskins:playermob, group: null, potionEffects: null, attributes: [Attribute{id: generic.followRange, modifier: RangeMinMax{min: 20.000000, max: 70.000000}, isFlat: false, affectedByDifficulty: false, difficulty: null, dimensions: null, biomes: null}], equipment: null, creeper: null, ghast: null}
[DEBUG] Difficulty Object is missing, affected_by_difficulty will be false for Attribute{id: generic.followRange, modifier: RangeMinMax{min: 20.000000, max: 70.000000}, isFlat: false, affectedByDifficulty: false, difficulty: null, dimensions: null, biomes: null}
[DEBUG] Reading file techguns_armysoldier.json
[DEBUG] Mob{id: techguns:armysoldier, group: null, potionEffects: null, attributes: [Attribute{id: generic.followRange, modifier: RangeMinMax{min: 30.000000, max: 70.000000}, isFlat: false, affectedByDifficulty: false, difficulty: null, dimensions: null, biomes: null}], equipment: null, creeper: null, ghast: null}
[DEBUG] Difficulty Object is missing, affected_by_difficulty will be false for Attribute{id: generic.followRange, modifier: RangeMinMax{min: 30.000000, max: 70.000000}, isFlat: false, affectedByDifficulty: false, difficulty: null, dimensions: null, biomes: null}
[DEBUG] Reading file techguns_bandit.json
[DEBUG] Mob{id: techguns:bandit, group: null, potionEffects: null, attributes: [Attribute{id: generic.followRange, modifier: RangeMinMax{min: 30.000000, max: 70.000000}, isFlat: false, affectedByDifficulty: false, difficulty: null, dimensions: null, biomes: null}], equipment: null, creeper: null, ghast: null}
[DEBUG] Difficulty Object is missing, affected_by_difficulty will be false for Attribute{id: generic.followRange, modifier: RangeMinMax{min: 30.000000, max: 70.000000}, isFlat: false, affectedByDifficulty: false, difficulty: null, dimensions: null, biomes: null}
[INFO] Reloaded All JSONs
