[2021-11-28 00:14:14] [pool-5-thread-1 INFO] CustomSkinLoader 14.9
[2021-11-28 00:14:14] [pool-5-thread-1 INFO] DataDir: C:\Repositorios\ZombieWastelandDevelopment\DevelopmentNew2\CustomSkinLoader
[2021-11-28 00:14:14] [pool-5-thread-1 INFO] Minecraft: 1.12.2(1.12.2-forge-14.23.5.2855)
[2021-11-28 00:14:14] [pool-5-thread-1 INFO] Config File: C:\Repositorios\ZombieWastelandDevelopment\DevelopmentNew2\CustomSkinLoader\CustomSkinLoader.json
[2021-11-28 00:14:14] [pool-5-thread-1 INFO] Try to load config.
[2021-11-28 00:14:15] [pool-5-thread-1 INFO] Successfully load config.
[2021-11-28 00:14:15] [pool-5-thread-1 INFO] EnableDynamicSkull:true, EnableTranSkin:true, IgnoreHttpsCertificate:false, CacheExpiry:30, EnableUpdateSkull:false, EnableLocalProfileCache:false, EnableCacheAutoClean:false, LoadList:6
[2021-11-28 00:14:15] [Mati INFO] Loading Mati's profile.
[2021-11-28 00:14:15] [Mati INFO] 1/6 Try to load profile from 'LocalSkin'.
[2021-11-28 00:14:15] [Mati INFO] Mati's profile loaded.
[2021-11-28 00:14:15] [Mati INFO] (SkinUrl: (LOCAL_LEGACY)f1e23f789e08087a25d9fb0597185fc6b9840a8d,LocalSkin/skins/Mati.png , Model: default , CapeUrl: null  , Expiry: 1638069289)
[2021-11-28 00:16:38] [Mati INFO] Loading Mati's profile.
[2021-11-28 00:16:38] [Mati INFO] 1/6 Try to load profile from 'LocalSkin'.
[2021-11-28 00:16:38] [Mati INFO] Mati's profile loaded.
[2021-11-28 00:16:38] [Mati INFO] (SkinUrl: (LOCAL_LEGACY)f1e23f789e08087a25d9fb0597185fc6b9840a8d,LocalSkin/skins/Mati.png , Model: default , CapeUrl: null  , Expiry: 1638069428)
[2021-11-28 00:17:36] [Mati INFO] Loading Mati's profile.
[2021-11-28 00:17:36] [Mati INFO] 1/6 Try to load profile from 'LocalSkin'.
[2021-11-28 00:17:36] [Mati INFO] Mati's profile loaded.
[2021-11-28 00:17:36] [Mati INFO] (SkinUrl: (LOCAL_LEGACY)f1e23f789e08087a25d9fb0597185fc6b9840a8d,LocalSkin/skins/Mati.png , Model: default , CapeUrl: null  , Expiry: 1638069486)
[2021-11-28 00:19:29] [Mati INFO] Loading Mati's profile.
[2021-11-28 00:19:29] [Mati INFO] 1/6 Try to load profile from 'LocalSkin'.
[2021-11-28 00:19:29] [Mati INFO] Mati's profile loaded.
[2021-11-28 00:19:29] [Mati INFO] (SkinUrl: (LOCAL_LEGACY)f1e23f789e08087a25d9fb0597185fc6b9840a8d,LocalSkin/skins/Mati.png , Model: default , CapeUrl: null  , Expiry: 1638069602)
[2021-11-28 00:20:38] [jeb_'s skull INFO] Loading jeb_'s profile.
[2021-11-28 00:20:38] [jeb_'s skull INFO] 1/6 Try to load profile from 'LocalSkin'.
[2021-11-28 00:20:38] [jeb_'s skull INFO] Both skin and cape not found.
[2021-11-28 00:20:38] [jeb_'s skull INFO] 2/6 Try to load profile from 'Mojang'.
[2021-11-28 00:20:38] [jeb_'s skull INFO] Default profile will be used.
[2021-11-28 00:20:38] [jeb_'s skull INFO] jeb_'s profile loaded.
[2021-11-28 00:20:38] [jeb_'s skull INFO] (SkinUrl: http://textures.minecraft.net/texture/7fd9ba42a7c81eeea22f1524271ae85a8e045ce0af5a6ae16c6406ae917e68b5 , Model: default , CapeUrl: http://textures.minecraft.net/texture/9e507afc56359978a3eb3e32367042b853cddd0995d17d0da995662913fb00f7  , Expiry: 1638069673)
[2021-11-28 00:23:27] [Mati INFO] Loading Mati's profile.
[2021-11-28 00:23:27] [Mati INFO] 1/6 Try to load profile from 'LocalSkin'.
[2021-11-28 00:23:27] [Mati INFO] Mati's profile loaded.
[2021-11-28 00:23:27] [Mati INFO] (SkinUrl: (LOCAL_LEGACY)f1e23f789e08087a25d9fb0597185fc6b9840a8d,LocalSkin/skins/Mati.png , Model: default , CapeUrl: null  , Expiry: 1638069840)
