[00:00:05] [Client thread/INFO] [STDOUT]: [goblinbob.mobends.standard.client.model.armor.MutatedArmorModel:mutate:216]: ArmorField: public net.minecraft.client.model.ModelRenderer net.minecraft.client.model.ModelBiped.field_78116_c
[00:00:05] [Client thread/INFO] [STDOUT]: [goblinbob.mobends.standard.client.model.armor.MutatedArmorModel:mutate:231]: Added to fieldToOriginalMap id: null, boxes: 1, submodels: null
[00:00:05] [Client thread/INFO] [STDOUT]: [goblinbob.mobends.standard.client.model.armor.MutatedArmorModel:assignPart:345]: Bounds: box[-4.0, -8.0, -4.0 -> 4.0, 0.0, 4.0]
[00:00:05] [Client thread/INFO] [STDOUT]: [goblinbob.mobends.standard.client.model.armor.MutatedArmorModel:mutate:216]: ArmorField: public net.minecraft.client.model.ModelRenderer net.minecraft.client.model.ModelBiped.field_178720_f
[00:00:05] [Client thread/INFO] [STDOUT]: [goblinbob.mobends.standard.client.model.armor.MutatedArmorModel:mutate:231]: Added to fieldToOriginalMap id: null, boxes: 1, submodels: null
[00:00:05] [Client thread/INFO] [STDOUT]: [goblinbob.mobends.standard.client.model.armor.MutatedArmorModel:assignPart:345]: Bounds: box[-4.0, -8.0, -4.0 -> 4.0, 0.0, 4.0]
[00:00:05] [Client thread/INFO] [STDOUT]: [goblinbob.mobends.standard.client.model.armor.MutatedArmorModel:mutate:216]: ArmorField: public net.minecraft.client.model.ModelRenderer net.minecraft.client.model.ModelBiped.field_78115_e
[00:00:05] [Client thread/INFO] [STDOUT]: [goblinbob.mobends.standard.client.model.armor.MutatedArmorModel:mutate:231]: Added to fieldToOriginalMap id: null, boxes: 1, submodels: null
[00:00:05] [Client thread/INFO] [STDOUT]: [goblinbob.mobends.standard.client.model.armor.MutatedArmorModel:assignPart:345]: Bounds: box[-4.0, 0.0, -2.0 -> 4.0, 12.0, 2.0]
[00:00:05] [Client thread/INFO] [STDOUT]: [goblinbob.mobends.standard.client.model.armor.MutatedArmorModel:mutate:216]: ArmorField: public net.minecraft.client.model.ModelRenderer net.minecraft.client.model.ModelBiped.field_178723_h
[00:00:05] [Client thread/INFO] [STDOUT]: [goblinbob.mobends.standard.client.model.armor.MutatedArmorModel:mutate:231]: Added to fieldToOriginalMap id: null, boxes: 1, submodels: null
[00:00:05] [Client thread/INFO] [STDOUT]: [goblinbob.mobends.standard.client.model.armor.MutatedArmorModel:assignPart:345]: Bounds: box[-8.0, 0.0, -2.0 -> 0.0, 12.0, 2.0]
[00:00:05] [Client thread/INFO] [STDOUT]: [goblinbob.mobends.standard.client.model.armor.MutatedArmorModel:mutate:216]: ArmorField: public net.minecraft.client.model.ModelRenderer net.minecraft.client.model.ModelBiped.field_178724_i
[00:00:05] [Client thread/INFO] [STDOUT]: [goblinbob.mobends.standard.client.model.armor.MutatedArmorModel:mutate:231]: Added to fieldToOriginalMap id: null, boxes: 1, submodels: null
[00:00:05] [Client thread/INFO] [STDOUT]: [goblinbob.mobends.standard.client.model.armor.MutatedArmorModel:assignPart:345]: Bounds: box[0.0, 0.0, -2.0 -> 8.0, 12.0, 2.0]
[00:00:05] [Client thread/INFO] [STDOUT]: [goblinbob.mobends.standard.client.model.armor.MutatedArmorModel:mutate:216]: ArmorField: public net.minecraft.client.model.ModelRenderer net.minecraft.client.model.ModelBiped.field_178721_j
[00:00:05] [Client thread/INFO] [STDOUT]: [goblinbob.mobends.standard.client.model.armor.MutatedArmorModel:mutate:231]: Added to fieldToOriginalMap id: null, boxes: 1, submodels: null
[00:00:05] [Client thread/INFO] [STDOUT]: [goblinbob.mobends.standard.client.model.armor.MutatedArmorModel:assignPart:345]: Bounds: box[-3.9000000953674316, 0.0, -2.0 -> 0.10000002384185791, 24.0, 2.0]
[00:00:05] [Client thread/INFO] [STDOUT]: [goblinbob.mobends.standard.client.model.armor.MutatedArmorModel:mutate:216]: ArmorField: public net.minecraft.client.model.ModelRenderer net.minecraft.client.model.ModelBiped.field_178722_k
[00:00:05] [Client thread/INFO] [STDOUT]: [goblinbob.mobends.standard.client.model.armor.MutatedArmorModel:mutate:231]: Added to fieldToOriginalMap id: null, boxes: 1, submodels: null
[00:00:05] [Client thread/INFO] [STDOUT]: [goblinbob.mobends.standard.client.model.armor.MutatedArmorModel:assignPart:345]: Bounds: box[-0.10000002384185791, 0.0, -2.0 -> 3.9000000953674316, 24.0, 2.0]
[00:00:05] [Client thread/INFO] [STDOUT]: [goblinbob.mobends.standard.client.model.armor.ArmorModelFactory:getArmorModel:23]: Creating a custom armor model from net.minecraft.client.model.ModelBiped@1dfb0f91
[00:05:11] [Client thread/INFO] [net.minecraft.client.gui.GuiNewChat]: [CHAT] [Server: Given [Plaster] * 5 to ElDuro]
[00:15:50] [Client thread/INFO] [net.minecraft.client.gui.GuiNewChat]: [CHAT] You have died 1 times.
[00:15:50] [Client thread/INFO] [net.minecraft.client.gui.GuiNewChat]: [CHAT] You are ranked 1 on the server.
[00:15:50] [Client thread/INFO] [net.minecraft.client.gui.GuiNewChat]: [CHAT] ElDuro fell from a high place
[00:23:57] [Client thread/INFO] [net.minecraft.client.gui.GuiNewChat]: [CHAT] You are now AFK (Away From Keyboard).
[00:24:53] [Client thread/INFO] [net.minecraft.client.gui.GuiNewChat]: [CHAT] You are no longer AFK.
[00:31:02] [Client thread/INFO] [inventorytweaks]: Automatic stack replacement.
[00:42:20] [Client thread/INFO] [net.minecraft.client.gui.GuiNewChat]: [CHAT] You are now AFK (Away From Keyboard).
[00:42:48] [Client thread/INFO] [net.minecraft.client.gui.GuiNewChat]: [CHAT] You are no longer AFK.
[00:45:01] [Client thread/INFO] [net.minecraft.client.gui.GuiNewChat]: [CHAT] Dronster left the game
[00:46:49] [Client thread/INFO] [foamfix]: JEI search tree manager injection complete!
[00:46:50] [Client thread/INFO] [FML]: Applying holder lookups
[00:46:50] [Client thread/INFO] [FML]: Holder lookups applied
[00:46:54] [Netty Client IO #6/INFO] [FML]: Attempting connection with missing mods [antiqueatlasoverlay, backtools, betteradvancements, betterfoliage, chunkanimator, controlling, ctgui, ctm, custommainmenu, customskinloader, dsurround, enhancedvisuals, fpsreducer, inventorytweaks, jeiintegration, mobdismemberment, mousetweaks, norecipebook, resourceloader, toastcontrol, wi-zoom, betteranimals] at SERVER
[00:47:16] [Client thread/INFO] [net.minecraft.client.Minecraft]: Stopping!
[00:47:16] [Client thread/INFO] [net.minecraft.client.audio.SoundManager]: SoundSystem shutting down...
[00:47:17] [Client thread/WARN] [net.minecraft.client.audio.SoundManager]: Author: Paul Lamb, www.paulscode.com
