[00:03:58] [Client thread/INFO] [inventorytweaks]: Automatic stack replacement.
[00:04:06] [Client thread/INFO] [net.minecraft.advancements.AdvancementList]: Loaded 123 advancements
[00:04:48] [Client thread/INFO] [inventorytweaks]: Automatic stack replacement.
[00:04:48] [Client thread/INFO] [net.minecraft.client.gui.GuiNewChat]: [CHAT] guidardo was slain by Zombie Villager
[00:06:29] [Client thread/INFO] [net.minecraft.client.gui.GuiNewChat]: [CHAT] guidardo didn't know that poison was deadly
[00:12:02] [Client thread/INFO] [net.minecraft.advancements.AdvancementList]: Loaded 123 advancements
[00:12:10] [Client thread/INFO] [net.minecraft.advancements.AdvancementList]: Loaded 123 advancements
[00:12:38] [Client thread/INFO] [net.minecraft.client.gui.GuiNewChat]: [CHAT] guidardo has made the advancement [Prepared For The Future!]
[00:15:24] [Client thread/INFO] [net.minecraft.advancements.AdvancementList]: Loaded 128 advancements
[00:22:13] [Client thread/INFO] [net.minecraft.client.gui.GuiNewChat]: [CHAT] JuanDeLosPalotes has made the advancement [Monster Hunter]
[00:25:07] [Client thread/INFO] [net.minecraft.client.gui.GuiNewChat]: [CHAT] JuanDeLosPalotes was slain by Zombie
[00:27:45] [Client thread/INFO] [net.minecraft.client.gui.GuiNewChat]: [CHAT] ElDuro has made the advancement [Acquire Hardware]
[00:27:45] [Client thread/INFO] [net.minecraft.advancements.AdvancementList]: Loaded 144 advancements
[00:27:59] [Client thread/INFO] [net.minecraft.client.gui.GuiNewChat]: [CHAT] ElDuro has made the advancement [Isn't It Iron Pick]
[00:27:59] [Client thread/INFO] [net.minecraft.advancements.AdvancementList]: Loaded 146 advancements
[00:29:07] [Client thread/INFO] [net.minecraft.client.gui.GuiNewChat]: [CHAT] guidardo was slain by JuanDeLosPalotes (Zombie)
[00:29:31] [Client thread/INFO] [net.minecraft.client.gui.GuiNewChat]: [CHAT] JuanDeLosPalotes didn't know that poison was deadly
[00:31:04] [Client thread/INFO] [net.minecraft.client.gui.GuiNewChat]: [CHAT] guidardo has made the advancement [Isn't It Iron Pick]
[00:31:04] [Client thread/INFO] [net.minecraft.client.gui.GuiNewChat]: [CHAT] guidardo has made the advancement [Acquire Hardware]
[00:31:18] [Client thread/INFO] [net.minecraft.client.gui.GuiNewChat]: [CHAT] You have died 9 times.
[00:31:18] [Client thread/INFO] [net.minecraft.client.gui.GuiNewChat]: [CHAT] You are ranked 1 on the server.
[00:31:18] [Client thread/INFO] [net.minecraft.client.gui.GuiNewChat]: [CHAT] ElDuro fell from a high place
[00:33:26] [Client thread/INFO] [net.minecraft.advancements.AdvancementList]: Loaded 147 advancements
[00:36:46] [Client thread/INFO] [net.minecraft.advancements.AdvancementList]: Loaded 149 advancements
[00:36:54] [Client thread/INFO] [net.minecraft.advancements.AdvancementList]: Loaded 150 advancements
[00:39:48] [Client thread/INFO] [net.minecraft.client.gui.GuiNewChat]: [CHAT] You have died 10 times.
[00:39:48] [Client thread/INFO] [net.minecraft.client.gui.GuiNewChat]: [CHAT] You are ranked 1 on the server.
[00:39:48] [Client thread/INFO] [net.minecraft.client.gui.GuiNewChat]: [CHAT] ElDuro was slain by Zombie
[00:41:39] [Client thread/INFO] [net.minecraft.advancements.AdvancementList]: Loaded 151 advancements
[00:43:50] [Client thread/INFO] [net.minecraft.client.gui.GuiNewChat]: [CHAT] guidardo has made the advancement [Taxidermist]
[00:44:10] [Client thread/INFO] [net.minecraft.advancements.AdvancementList]: Loaded 152 advancements
[00:44:29] [Client thread/INFO] [net.minecraft.advancements.AdvancementList]: Loaded 155 advancements
[00:45:46] [Client thread/INFO] [net.minecraft.advancements.AdvancementList]: Loaded 158 advancements
[00:47:07] [Client thread/INFO] [net.minecraft.client.gui.GuiNewChat]: [CHAT] guidardo fell from a high place
[00:54:27] [Client thread/INFO] [net.minecraft.advancements.AdvancementList]: Loaded 158 advancements
[00:58:23] [Client thread/INFO] [net.minecraft.advancements.AdvancementList]: Loaded 163 advancements
[00:59:12] [Client thread/ERROR] [net.minecraft.client.Minecraft]: Null returned as 'hitResult', this shouldn't happen!
[00:59:13] [Client thread/ERROR] [net.minecraft.client.Minecraft]: Null returned as 'hitResult', this shouldn't happen!
[00:59:15] [Client thread/ERROR] [net.minecraft.client.Minecraft]: Null returned as 'hitResult', this shouldn't happen!
[00:59:16] [Client thread/ERROR] [net.minecraft.client.Minecraft]: Null returned as 'hitResult', this shouldn't happen!
[00:59:34] [Client thread/INFO] [net.minecraft.client.gui.GuiNewChat]: [CHAT] You have died 11 times.
[00:59:34] [Client thread/INFO] [net.minecraft.client.gui.GuiNewChat]: [CHAT] You are ranked 1 on the server.
[00:59:34] [Client thread/INFO] [net.minecraft.client.gui.GuiNewChat]: [CHAT] ElDuro was slain by Zombie
[01:02:49] [Client thread/INFO] [inventorytweaks]: Automatic stack replacement.
[01:02:50] [Client thread/INFO] [inventorytweaks]: Automatic stack replacement.
[01:08:09] [Client thread/INFO] [net.minecraft.client.gui.GuiNewChat]: [CHAT] guidardo was slain by Zombie
[01:08:21] [Client thread/ERROR] [net.minecraft.client.Minecraft]: Null returned as 'hitResult', this shouldn't happen!
[01:08:39] [Client thread/INFO] [net.minecraft.advancements.AdvancementList]: Loaded 181 advancements
[01:09:42] [Client thread/INFO] [net.minecraft.advancements.AdvancementList]: Loaded 182 advancements
[01:21:23] [Client thread/INFO] [net.minecraft.client.gui.GuiNewChat]: [CHAT] guidardo fell from a high place
[01:21:43] [Client thread/INFO] [net.minecraft.client.gui.GuiNewChat]: [CHAT] JuanDeLosPalotes was slain by Zombie
[01:23:10] [Client thread/INFO] [net.minecraft.client.gui.GuiNewChat]: [CHAT] You have died 12 times.
[01:23:10] [Client thread/INFO] [net.minecraft.client.gui.GuiNewChat]: [CHAT] You are ranked 1 on the server.
[01:23:10] [Client thread/INFO] [net.minecraft.client.gui.GuiNewChat]: [CHAT] ElDuro was slain by guidardo
[01:30:58] [Client thread/INFO] [net.minecraft.client.gui.GuiNewChat]: [CHAT] You are now AFK (Away From Keyboard).
[01:31:15] [Client thread/INFO] [net.minecraft.client.gui.GuiNewChat]: [CHAT] You are no longer AFK.
[01:34:09] [Client thread/INFO] [net.minecraft.client.gui.GuiNewChat]: [CHAT] JuanDeLosPalotes was slain by Zombie
[01:39:43] [Client thread/INFO] [net.minecraft.advancements.AdvancementList]: Loaded 189 advancements
[01:40:22] [Client thread/INFO] [net.minecraft.client.gui.GuiNewChat]: [CHAT] guidardo fell from a high place
[01:41:56] [Client thread/INFO] [net.minecraft.client.gui.GuiNewChat]: [CHAT] JuanDeLosPalotes has made the advancement [Isn't It Iron Pick]
[01:43:33] [Client thread/INFO] [net.minecraft.advancements.AdvancementList]: Loaded 190 advancements
[01:43:40] [Client thread/INFO] [net.minecraft.advancements.AdvancementList]: Loaded 192 advancements
[01:44:48] [Client thread/INFO] [net.minecraft.client.gui.GuiNewChat]: [CHAT] ElDuro has made the advancement [Taxidermist]
[01:44:48] [Client thread/INFO] [net.minecraft.advancements.AdvancementList]: Loaded 193 advancements
[01:53:29] [Client thread/ERROR] [net.minecraft.client.Minecraft]: Null returned as 'hitResult', this shouldn't happen!
[01:53:30] [Client thread/ERROR] [net.minecraft.client.Minecraft]: Null returned as 'hitResult', this shouldn't happen!
[01:53:31] [Client thread/ERROR] [net.minecraft.client.Minecraft]: Null returned as 'hitResult', this shouldn't happen!
[01:53:31] [Client thread/ERROR] [net.minecraft.client.Minecraft]: Null returned as 'hitResult', this shouldn't happen!
[01:53:31] [Client thread/ERROR] [net.minecraft.client.Minecraft]: Null returned as 'hitResult', this shouldn't happen!
[01:53:32] [Client thread/ERROR] [net.minecraft.client.Minecraft]: Null returned as 'hitResult', this shouldn't happen!
[01:53:32] [Client thread/ERROR] [net.minecraft.client.Minecraft]: Null returned as 'hitResult', this shouldn't happen!
[01:53:32] [Client thread/ERROR] [net.minecraft.client.Minecraft]: Null returned as 'hitResult', this shouldn't happen!
[01:53:32] [Client thread/ERROR] [net.minecraft.client.Minecraft]: Null returned as 'hitResult', this shouldn't happen!
[01:53:33] [Client thread/ERROR] [net.minecraft.client.Minecraft]: Null returned as 'hitResult', this shouldn't happen!
[01:53:35] [Client thread/ERROR] [net.minecraft.client.Minecraft]: Null returned as 'hitResult', this shouldn't happen!
[01:53:35] [Client thread/ERROR] [net.minecraft.client.Minecraft]: Null returned as 'hitResult', this shouldn't happen!
[01:53:37] [Client thread/INFO] [net.minecraft.advancements.AdvancementList]: Loaded 193 advancements
[01:53:45] [Client thread/ERROR] [net.minecraft.client.Minecraft]: Null returned as 'hitResult', this shouldn't happen!
[01:53:45] [Client thread/ERROR] [net.minecraft.client.Minecraft]: Null returned as 'hitResult', this shouldn't happen!
[01:53:45] [Client thread/ERROR] [net.minecraft.client.Minecraft]: Null returned as 'hitResult', this shouldn't happen!
[01:53:46] [Client thread/ERROR] [net.minecraft.client.Minecraft]: Null returned as 'hitResult', this shouldn't happen!
[01:53:47] [Client thread/ERROR] [net.minecraft.client.Minecraft]: Null returned as 'hitResult', this shouldn't happen!
[01:54:01] [Client thread/ERROR] [net.minecraft.client.Minecraft]: Null returned as 'hitResult', this shouldn't happen!
[01:54:01] [Client thread/ERROR] [net.minecraft.client.Minecraft]: Null returned as 'hitResult', this shouldn't happen!
[01:54:01] [Client thread/ERROR] [net.minecraft.client.Minecraft]: Null returned as 'hitResult', this shouldn't happen!
[01:56:11] [Client thread/INFO] [net.minecraft.client.gui.GuiNewChat]: [CHAT] guidardo left the game
[02:01:03] [Client thread/INFO] [net.minecraft.advancements.AdvancementList]: Loaded 194 advancements
[02:18:23] [Client thread/INFO] [net.minecraft.advancements.AdvancementList]: Loaded 195 advancements
[02:22:03] [Client thread/INFO] [inventorytweaks]: Automatic stack replacement.
[02:22:05] [Client thread/INFO] [inventorytweaks]: Automatic stack replacement.
[02:26:11] [Client thread/INFO] [inventorytweaks]: Automatic stack replacement.
[02:38:44] [Client thread/INFO] [net.minecraft.advancements.AdvancementList]: Loaded 196 advancements
[02:45:05] [Client thread/INFO] [net.minecraft.advancements.AdvancementList]: Loaded 198 advancements
[02:45:45] [Client thread/INFO] [inventorytweaks]: Automatic stack replacement.
[02:49:00] [Client thread/INFO] [inventorytweaks]: Automatic stack replacement.
[02:52:23] [Client thread/INFO] [net.minecraft.advancements.AdvancementList]: Loaded 199 advancements
[03:00:52] [Client thread/INFO] [net.minecraft.client.gui.GuiNewChat]: [CHAT] JuanDeLosPalotes was slain by Zombie
[03:03:30] [Client thread/INFO] [net.minecraft.client.gui.GuiNewChat]: [CHAT] JuanDeLosPalotes left the game
[03:03:43] [Client thread/INFO] [toughasnails]: TAN configuration restored to local values
[03:03:44] [Client thread/INFO] [foamfix]: JEI search tree manager injection complete!
[03:03:44] [Client thread/INFO] [FML]: Applying holder lookups
[03:03:44] [Client thread/INFO] [FML]: Holder lookups applied
[03:03:45] [Client thread/INFO] [net.minecraft.client.Minecraft]: Stopping!
[03:03:45] [Client thread/INFO] [net.minecraft.client.audio.SoundManager]: SoundSystem shutting down...
[03:03:45] [Client thread/WARN] [net.minecraft.client.audio.SoundManager]: Author: Paul Lamb, www.paulscode.com
